NotePad-master/app/build/intermediates/manifest_merge_blame_file/debug/manifest-merger-blame-debug-report.txt
1<?xml version="1.0" encoding="utf-8"?>
2<!--
3 Copyright (C) 2007 The Android Open Source Project
4
5     Licensed under the Apache License, Version 2.0 (the "License");
6     you may not use this file except in compliance with the License.
7     You may obtain a copy of the License at
8
9          http://www.apache.org/licenses/LICENSE-2.0
10
11     Unless required by applicable law or agreed to in writing, software
12     distributed under the License is distributed on an "AS IS" BASIS,
13     WITHOUT WARRANTIES OR CONDITIONS OF ANY KIND, either express or implied.
14     See the License for the specific language governing permissions and
15     limitations under the License.
16-->
17<!--
18 Declare the contents of this Android application.  The namespace
19     attribute brings in the Android platform namespace, and the package
20     supplies a unique name for the application.  When writing your
21     own application, the package name must be changed from "com.example.*"
22     to come from a domain that you own or have control over.
23-->
24<manifest xmlns:android="http://schemas.android.com/apk/res/android"
25    package="com.example.android.notepad" >
26
27    <uses-sdk
28        android:minSdkVersion="21"
28-->src\main\AndroidManifest.xml
29        android:targetSdkVersion="33" />
29-->src\main\AndroidManifest.xml
30
31    <application
31-->src\main\AndroidManifest.xml:25:5-123:19
32        android:debuggable="true"
33        android:icon="@drawable/app_notes"
33-->src\main\AndroidManifest.xml:25:18-52
34        android:label="@string/app_name"
34-->src\main\AndroidManifest.xml:26:9-41
35        android:testOnly="true" >
36        <provider
36-->src\main\AndroidManifest.xml:28:9-32:20
37            android:name="com.example.android.notepad.NotePadProvider"
37-->src\main\AndroidManifest.xml:28:19-49
38            android:authorities="com.google.provider.NotePad"
38-->src\main\AndroidManifest.xml:29:13-62
39            android:exported="false" >
39-->src\main\AndroidManifest.xml:30:13-37
40            <grant-uri-permission android:pathPattern=".*" />
40-->src\main\AndroidManifest.xml:31:13-62
40-->src\main\AndroidManifest.xml:31:35-59
41        </provider>
42
43        <activity
43-->src\main\AndroidManifest.xml:34:9-53:20
44            android:name="com.example.android.notepad.NotesList"
44-->src\main\AndroidManifest.xml:34:19-43
45            android:exported="true"
45-->src\main\AndroidManifest.xml:35:13-36
46            android:label="@string/title_notes_list" >
46-->src\main\AndroidManifest.xml:34:44-84
47            <intent-filter>
47-->src\main\AndroidManifest.xml:36:13-39:29
48                <action android:name="android.intent.action.MAIN" />
48-->src\main\AndroidManifest.xml:37:17-69
48-->src\main\AndroidManifest.xml:37:25-66
49
50                <category android:name="android.intent.category.LAUNCHER" />
50-->src\main\AndroidManifest.xml:38:17-77
50-->src\main\AndroidManifest.xml:38:27-74
51            </intent-filter>
52            <intent-filter android:label="@string/resolve_edit" >
52-->src\main\AndroidManifest.xml:40:13-47:29
52-->src\main\AndroidManifest.xml:40:28-64
53                <action android:name="android.intent.action.EDIT" />
53-->src\main\AndroidManifest.xml:42:17-69
53-->src\main\AndroidManifest.xml:42:25-66
54                <action android:name="com.android.notepad.action.EDIT_NOTE" />
54-->src\main\AndroidManifest.xml:43:17-79
54-->src\main\AndroidManifest.xml:43:25-76
55
56                <category android:name="android.intent.category.OPENABLE" />
56-->src\main\AndroidManifest.xml:44:17-76
56-->src\main\AndroidManifest.xml:44:27-74
57                <category android:name="android.intent.category.DEFAULT" />
57-->src\main\AndroidManifest.xml:45:17-76
57-->src\main\AndroidManifest.xml:45:27-73
58
59                <data android:mimeType="vnd.android.cursor.item/vnd.google.note" />
59-->src\main\AndroidManifest.xml:46:17-84
59-->src\main\AndroidManifest.xml:46:23-81
60            </intent-filter>
61            <intent-filter>
61-->src\main\AndroidManifest.xml:48:13-52:29
62                <action android:name="android.intent.action.GET_CONTENT" />
62-->src\main\AndroidManifest.xml:49:17-76
62-->src\main\AndroidManifest.xml:49:25-73
63
64                <category android:name="android.intent.category.DEFAULT" />
64-->src\main\AndroidManifest.xml:45:17-76
64-->src\main\AndroidManifest.xml:45:27-73
65
66                <data android:mimeType="vnd.android.cursor.item/vnd.google.note" />
66-->src\main\AndroidManifest.xml:46:17-84
66-->src\main\AndroidManifest.xml:46:23-81
67            </intent-filter>
68        </activity>
69        <activity
69-->src\main\AndroidManifest.xml:55:9-82:20
70            android:name="com.example.android.notepad.NoteEditor"
70-->src\main\AndroidManifest.xml:55:19-44
71            android:configChanges="keyboardHidden|orientation"
71-->src\main\AndroidManifest.xml:58:13-63
72            android:exported="true"
72-->src\main\AndroidManifest.xml:59:13-36
73            android:screenOrientation="sensor"
73-->src\main\AndroidManifest.xml:57:13-47
74            android:theme="@android:style/Theme.Holo.Light" >
74-->src\main\AndroidManifest.xml:56:13-60
75
76            <!--
77                 This filter says that we can view or edit the data of
78                 a single note
79            -->
80            <intent-filter android:label="@string/resolve_edit" >
80-->src\main\AndroidManifest.xml:40:13-47:29
80-->src\main\AndroidManifest.xml:40:28-64
81                <action android:name="android.intent.action.EDIT" />
81-->src\main\AndroidManifest.xml:42:17-69
81-->src\main\AndroidManifest.xml:42:25-66
82                <action android:name="com.android.notepad.action.EDIT_NOTE" />
82-->src\main\AndroidManifest.xml:43:17-79
82-->src\main\AndroidManifest.xml:43:25-76
83
84                <category android:name="android.intent.category.OPENABLE" />
84-->src\main\AndroidManifest.xml:44:17-76
84-->src\main\AndroidManifest.xml:44:27-74
85                <category android:name="android.intent.category.DEFAULT" />
85-->src\main\AndroidManifest.xml:45:17-76
85-->src\main\AndroidManifest.xml:45:27-73
86
87                <data android:mimeType="vnd.android.cursor.item/vnd.google.note" />
87-->src\main\AndroidManifest.xml:46:17-84
87-->src\main\AndroidManifest.xml:46:23-81
88            </intent-filter>
89
90            <!--
91                 This filter says that we can create a new note inside
92                 of a directory of notes.  The INSERT action creates an
93                 empty note; the PASTE action initializes a new note from
94                 the current contents of the clipboard.
95            -->
96            <intent-filter>
96-->src\main\AndroidManifest.xml:75:13-80:29
97                <action android:name="android.intent.action.INSERT" />
97-->src\main\AndroidManifest.xml:76:17-71
97-->src\main\AndroidManifest.xml:76:25-68
98                <action android:name="android.intent.action.PASTE" />
98-->src\main\AndroidManifest.xml:77:17-70
98-->src\main\AndroidManifest.xml:77:25-67
99
100                <category android:name="android.intent.category.DEFAULT" />
100-->src\main\AndroidManifest.xml:45:17-76
100-->src\main\AndroidManifest.xml:45:27-73
101
102                <data android:mimeType="vnd.android.cursor.dir/vnd.google.note" />
102-->src\main\AndroidManifest.xml:46:17-84
102-->src\main\AndroidManifest.xml:46:23-81
103            </intent-filter>
104        </activity>
105        <activity
105-->src\main\AndroidManifest.xml:84:9-110:20
106            android:name="com.example.android.notepad.TitleEditor"
106-->src\main\AndroidManifest.xml:84:19-45
107            android:exported="true"
107-->src\main\AndroidManifest.xml:89:13-36
108            android:icon="@drawable/ic_menu_edit"
108-->src\main\AndroidManifest.xml:86:13-50
109            android:label="@string/title_edit_title"
109-->src\main\AndroidManifest.xml:85:13-53
110            android:theme="@android:style/Theme.Holo.Dialog"
110-->src\main\AndroidManifest.xml:87:13-61
111            android:windowSoftInputMode="stateVisible" >
111-->src\main\AndroidManifest.xml:88:13-55
112
113            <!--
114                 This activity implements an alternative action that can be
115                 performed on notes: editing their title.  It can be used as
116                 a default operation if the user invokes this action, and is
117                 available as an alternative action for any note data.
118            -->
119            <intent-filter android:label="@string/resolve_title" >
119-->src\main\AndroidManifest.xml:94:13-109:29
119-->src\main\AndroidManifest.xml:94:28-65
120
121                <!--
122                     This is the action we perform.  It is a custom action we
123                     define for our application, not a generic VIEW or EDIT
124                     action since we are not a general note viewer/editor.
125                -->
126                <action android:name="com.android.notepad.action.EDIT_TITLE" />
126-->src\main\AndroidManifest.xml:98:17-80
126-->src\main\AndroidManifest.xml:98:25-77
127                <!-- DEFAULT: execute if being directly invoked. -->
128                <category android:name="android.intent.category.DEFAULT" />
128-->src\main\AndroidManifest.xml:45:17-76
128-->src\main\AndroidManifest.xml:45:27-73
129                <!--
130                     ALTERNATIVE: show as an alternative action when the user is
131                     working with this type of data.
132                -->
133                <category android:name="android.intent.category.ALTERNATIVE" />
133-->src\main\AndroidManifest.xml:103:17-80
133-->src\main\AndroidManifest.xml:103:27-77
134                <!--
135                     SELECTED_ALTERNATIVE: show as an alternative action the user
136                     can perform when selecting this type of data.
137                -->
138                <category android:name="android.intent.category.SELECTED_ALTERNATIVE" />
138-->src\main\AndroidManifest.xml:106:17-89
138-->src\main\AndroidManifest.xml:106:27-86
139                <!-- This is the data type we operate on. -->
140                <data android:mimeType="vnd.android.cursor.item/vnd.google.note" />
140-->src\main\AndroidManifest.xml:46:17-84
140-->src\main\AndroidManifest.xml:46:23-81
141            </intent-filter>
142        </activity>
143        <activity
143-->src\main\AndroidManifest.xml:112:9-119:20
144            android:name="com.example.android.notepad.NotesLiveFolder"
144-->src\main\AndroidManifest.xml:112:19-49
145            android:exported="true"
145-->src\main\AndroidManifest.xml:114:13-36
146            android:icon="@drawable/live_folder_notes"
146-->src\main\AndroidManifest.xml:113:13-55
147            android:label="@string/live_folder_name" >
147-->src\main\AndroidManifest.xml:112:50-90
148            <intent-filter>
148-->src\main\AndroidManifest.xml:115:13-118:29
149                <action android:name="android.intent.action.CREATE_LIVE_FOLDER" />
149-->src\main\AndroidManifest.xml:116:17-83
149-->src\main\AndroidManifest.xml:116:25-80
150
151                <category android:name="android.intent.category.DEFAULT" />
151-->src\main\AndroidManifest.xml:45:17-76
151-->src\main\AndroidManifest.xml:45:27-73
152            </intent-filter>
153        </activity>
154        <activity
154-->src\main\AndroidManifest.xml:120:9-84
155            android:name="com.example.android.notepad.NoteSearch"
155-->src\main\AndroidManifest.xml:120:19-45
156            android:label="@string/search_note" />
156-->src\main\AndroidManifest.xml:120:46-81
157    </application>
158
159</manifest>